[2018-08-13T12:58:43.473] [INFO] default - Connecting to database.
[2018-08-13T12:58:43.521] [INFO] default - Connected to database.
[2018-08-13T12:58:43.629] [INFO] default - Server started
[2018-08-13T12:58:44.725] [ERROR] default - null
[2018-08-13T13:01:46.492] [INFO] default - Connecting to database.
[2018-08-13T13:01:46.545] [INFO] default - Connected to database.
[2018-08-13T13:01:46.681] [INFO] default - Server started
[2018-08-13T13:01:50.699] [INFO] default - Connecting to database.
[2018-08-13T13:01:50.731] [INFO] default - Connected to database.
[2018-08-13T13:01:50.810] [INFO] default - Server started
[2018-08-13T13:01:51.910] [ERROR] default - null
[2018-08-13T13:03:34.120] [INFO] default - Connecting to database.
[2018-08-13T13:03:34.191] [INFO] default - Connected to database.
[2018-08-13T13:03:34.346] [INFO] default - Server started
[2018-08-13T13:03:35.539] [ERROR] default - null
[2018-08-13T13:03:55.977] [INFO] default - Connecting to database.
[2018-08-13T13:03:56.020] [INFO] default - Connected to database.
[2018-08-13T13:03:56.106] [INFO] default - Server started
[2018-08-13T13:03:57.293] [ERROR] default - null
[2018-08-13T13:04:01.591] [INFO] default - Connecting to database.
[2018-08-13T13:04:01.647] [INFO] default - Connected to database.
[2018-08-13T13:04:01.808] [INFO] default - Server started
[2018-08-13T13:04:05.442] [INFO] default - Connecting to database.
[2018-08-13T13:04:05.481] [INFO] default - Connected to database.
[2018-08-13T13:04:05.577] [INFO] default - Server started
[2018-08-13T13:04:06.670] [ERROR] default - null
[2018-08-13T13:06:35.730] [INFO] default - Connecting to database.
[2018-08-13T13:06:35.769] [INFO] default - Connected to database.
[2018-08-13T13:06:35.862] [INFO] default - Server started
[2018-08-13T13:06:36.954] [ERROR] default - null
[2018-08-13T13:06:41.772] [INFO] default - Connecting to database.
[2018-08-13T13:06:41.819] [INFO] default - Connected to database.
[2018-08-13T13:06:41.938] [INFO] default - Server started
[2018-08-13T13:06:43.023] [ERROR] default - null
[2018-08-13T13:07:58.590] [INFO] default - Connecting to database.
[2018-08-13T13:07:58.627] [INFO] default - Connected to database.
[2018-08-13T13:07:58.719] [INFO] default - Server started
[2018-08-13T13:07:59.804] [ERROR] default - null
[2018-08-13T13:08:19.072] [INFO] default - Connecting to database.
[2018-08-13T13:08:19.096] [INFO] default - Connected to database.
[2018-08-13T13:08:19.161] [INFO] default - Server started
[2018-08-13T13:08:20.243] [ERROR] default - null
[2018-08-13T13:09:22.318] [INFO] default - Connecting to database.
[2018-08-13T13:09:22.382] [INFO] default - Connected to database.
[2018-08-13T13:09:22.538] [INFO] default - Server started
[2018-08-13T13:09:23.630] [ERROR] default - null
[2018-08-13T16:22:55.347] [INFO] default - Connecting to database.
[2018-08-13T16:22:55.371] [INFO] default - Connected to database.
[2018-08-13T16:22:55.442] [INFO] default - Server started
[2018-08-13T16:22:56.516] [ERROR] default - null
[2018-08-13T16:23:57.376] [INFO] default - Connecting to database.
[2018-08-13T16:23:57.457] [INFO] default - Connected to database.
[2018-08-13T16:23:57.680] [INFO] default - Server started
[2018-08-13T16:23:58.942] [ERROR] default - null
[2018-08-13T16:24:58.519] [INFO] default - Connecting to database.
[2018-08-13T16:24:58.571] [INFO] default - Connected to database.
[2018-08-13T16:24:58.676] [INFO] default - Server started
[2018-08-13T16:24:59.772] [ERROR] default - null
[2018-08-13T16:25:17.982] [INFO] default - Connecting to database.
[2018-08-13T16:25:18.036] [INFO] default - Connected to database.
[2018-08-13T16:25:18.136] [INFO] default - Server started
[2018-08-13T16:25:19.224] [ERROR] default - null
[2018-08-13T16:25:32.021] [INFO] default - Connecting to database.
[2018-08-13T16:25:32.070] [INFO] default - Connected to database.
[2018-08-13T16:25:32.181] [INFO] default - Server started
[2018-08-13T16:25:33.271] [ERROR] default - null
[2018-08-13T16:25:56.621] [INFO] default - Connecting to database.
[2018-08-13T16:25:56.675] [INFO] default - Connected to database.
[2018-08-13T16:25:56.805] [INFO] default - Server started
[2018-08-13T16:25:57.898] [ERROR] default - null
[2018-08-13T16:26:08.111] [INFO] default - Connecting to database.
[2018-08-13T16:26:08.163] [INFO] default - Connected to database.
[2018-08-13T16:26:08.285] [INFO] default - Server started
[2018-08-13T16:26:09.398] [ERROR] default - null
[2018-08-13T16:26:46.437] [INFO] default - Connecting to database.
[2018-08-13T16:26:46.486] [INFO] default - Connected to database.
[2018-08-13T16:26:46.615] [INFO] default - Server started
[2018-08-13T16:26:47.710] [ERROR] default - null
[2018-08-13T16:26:54.492] [INFO] default - Connecting to database.
[2018-08-13T16:26:54.549] [INFO] default - Connected to database.
[2018-08-13T16:26:54.670] [INFO] default - Server started
[2018-08-13T16:26:55.761] [ERROR] default - null
[2018-08-13T16:27:01.084] [INFO] default - Connecting to database.
[2018-08-13T16:27:01.143] [INFO] default - Connected to database.
[2018-08-13T16:27:01.274] [INFO] default - Server started
[2018-08-13T16:27:02.367] [ERROR] default - null
[2018-08-13T16:27:26.495] [INFO] default - Connecting to database.
[2018-08-13T16:27:26.546] [INFO] default - Connected to database.
[2018-08-13T16:27:26.664] [INFO] default - Server started
[2018-08-13T16:27:27.758] [ERROR] default - null
[2018-08-13T16:27:48.316] [INFO] default - Connecting to database.
[2018-08-13T16:27:48.355] [INFO] default - Connected to database.
[2018-08-13T16:27:48.457] [INFO] default - Server started
[2018-08-13T16:27:49.508] [ERROR] default - null
[2018-08-13T16:28:13.982] [INFO] default - Connecting to database.
[2018-08-13T16:28:14.071] [INFO] default - Connected to database.
[2018-08-13T16:28:14.241] [INFO] default - Server started
[2018-08-13T16:28:17.642] [INFO] default - Connecting to database.
[2018-08-13T16:28:17.679] [INFO] default - Connected to database.
[2018-08-13T16:28:17.772] [INFO] default - Server started
[2018-08-13T16:28:18.868] [ERROR] default - null
[2018-08-13T16:29:53.036] [INFO] default - Connecting to database.
[2018-08-13T16:29:53.097] [INFO] default - Connected to database.
[2018-08-13T16:29:53.237] [INFO] default - Server started
[2018-08-13T16:29:54.326] [ERROR] default - null
[2018-08-13T16:30:19.717] [INFO] default - Connecting to database.
[2018-08-13T16:30:19.759] [INFO] default - Connected to database.
[2018-08-13T16:30:19.858] [INFO] default - Server started
[2018-08-13T16:30:20.952] [ERROR] default - null
[2018-08-13T16:31:44.355] [INFO] default - Connecting to database.
[2018-08-13T16:31:44.403] [INFO] default - Connected to database.
[2018-08-13T16:31:44.518] [INFO] default - Server started
[2018-08-13T16:31:45.603] [ERROR] default - null
[2018-08-13T16:32:17.360] [INFO] default - Connecting to database.
[2018-08-13T16:32:17.409] [INFO] default - Connected to database.
[2018-08-13T16:32:17.514] [INFO] default - Server started
[2018-08-13T16:32:18.603] [ERROR] default - null
[2018-08-13T16:33:05.275] [INFO] default - Connecting to database.
[2018-08-13T16:33:05.328] [INFO] default - Connected to database.
[2018-08-13T16:33:05.446] [INFO] default - Server started
[2018-08-13T16:33:06.549] [ERROR] default - null
[2018-08-13T16:42:59.594] [INFO] default - Connecting to database.
[2018-08-13T16:42:59.632] [INFO] default - Connected to database.
[2018-08-13T16:42:59.724] [INFO] default - Server started
[2018-08-13T16:43:00.836] [ERROR] default - null
[2018-08-13T16:43:35.852] [INFO] default - Connecting to database.
[2018-08-13T16:43:35.906] [INFO] default - Connected to database.
[2018-08-13T16:43:36.049] [INFO] default - Server started
[2018-08-13T16:43:37.147] [ERROR] default - null
[2018-08-13T16:44:44.744] [INFO] default - Connecting to database.
[2018-08-13T16:44:44.802] [INFO] default - Connected to database.
[2018-08-13T16:44:44.936] [INFO] default - Server started
[2018-08-13T16:44:46.040] [ERROR] default - null
[2018-08-13T16:44:57.442] [INFO] default - Connecting to database.
[2018-08-13T16:44:57.502] [INFO] default - Connected to database.
[2018-08-13T16:44:57.682] [INFO] default - Server started
[2018-08-13T16:44:58.811] [ERROR] default - null
[2018-08-13T16:45:28.181] [INFO] default - Connecting to database.
[2018-08-13T16:45:28.232] [INFO] default - Connected to database.
[2018-08-13T16:45:28.368] [INFO] default - Server started
[2018-08-13T16:45:29.444] [ERROR] default - null
[2018-08-13T16:46:30.413] [INFO] default - Connecting to database.
[2018-08-13T16:46:30.450] [INFO] default - Connected to database.
[2018-08-13T16:46:30.544] [INFO] default - Server started
[2018-08-13T16:46:31.648] [ERROR] default - null
[2018-08-13T16:46:49.941] [INFO] default - Connecting to database.
[2018-08-13T16:46:50.004] [INFO] default - Connected to database.
[2018-08-13T16:46:50.201] [INFO] default - Server started
[2018-08-13T16:46:51.300] [ERROR] default - null
[2018-08-13T16:47:34.311] [INFO] default - Connecting to database.
[2018-08-13T16:47:34.396] [INFO] default - Connected to database.
[2018-08-13T16:47:34.497] [INFO] default - Server started
[2018-08-13T16:47:35.585] [ERROR] default - null
[2018-08-13T16:47:56.818] [INFO] default - Connecting to database.
[2018-08-13T16:47:56.875] [INFO] default - Connected to database.
[2018-08-13T16:47:57.010] [INFO] default - Server started
[2018-08-13T16:47:58.120] [ERROR] default - null
[2018-08-13T16:48:53.336] [INFO] default - Connecting to database.
[2018-08-13T16:48:53.383] [INFO] default - Connected to database.
[2018-08-13T16:48:53.493] [INFO] default - Server started
[2018-08-13T16:48:54.588] [ERROR] default - null
[2018-08-13T16:50:00.094] [INFO] default - Connecting to database.
[2018-08-13T16:50:00.129] [INFO] default - Connected to database.
[2018-08-13T16:50:00.219] [INFO] default - Server started
[2018-08-13T16:50:01.307] [ERROR] default - null
[2018-08-13T16:50:16.334] [INFO] default - Connecting to database.
[2018-08-13T16:50:16.380] [INFO] default - Connected to database.
[2018-08-13T16:50:16.469] [INFO] default - Server started
[2018-08-13T16:50:17.547] [ERROR] default - null
[2018-08-13T16:50:31.111] [INFO] default - Connecting to database.
[2018-08-13T16:50:31.166] [INFO] default - Connected to database.
[2018-08-13T16:50:31.295] [INFO] default - Server started
[2018-08-13T16:50:32.406] [ERROR] default - null
[2018-08-13T18:43:26.739] [INFO] default - Connecting to database.
[2018-08-13T18:43:26.854] [INFO] default - Connected to database.
[2018-08-13T18:43:27.115] [INFO] default - Server started
[2018-08-13T18:43:32.296] [INFO] default - Connecting to database.
[2018-08-13T18:43:32.376] [INFO] default - Connected to database.
[2018-08-13T18:43:32.584] [INFO] default - Server started
[2018-08-13T18:43:33.829] [ERROR] default - null
[2018-08-13T18:44:08.446] [INFO] default - Connecting to database.
[2018-08-13T18:44:08.538] [INFO] default - Connected to database.
[2018-08-13T18:44:08.752] [INFO] default - Server started
[2018-08-13T18:44:09.883] [ERROR] default - null
[2018-08-13T18:47:13.252] [INFO] default - Connecting to database.
[2018-08-13T18:47:13.294] [INFO] default - Connected to database.
[2018-08-13T18:47:13.383] [INFO] default - Server started
[2018-08-13T18:47:14.622] [ERROR] default - null
[2018-08-13T18:47:47.733] [INFO] default - Connecting to database.
[2018-08-13T18:47:47.776] [INFO] default - Connected to database.
[2018-08-13T18:47:47.883] [INFO] default - Server started
[2018-08-13T18:47:49.008] [ERROR] default - null
[2018-08-13T18:48:33.170] [INFO] default - Connecting to database.
[2018-08-13T18:48:33.215] [INFO] default - Connected to database.
[2018-08-13T18:48:33.314] [INFO] default - Server started
[2018-08-13T18:48:34.438] [ERROR] default - null
[2018-08-13T20:10:57.325] [INFO] default - Connecting to database.
[2018-08-13T20:10:57.359] [INFO] default - Connected to database.
[2018-08-13T20:10:57.476] [INFO] default - Server started
[2018-08-13T20:11:00.007] [INFO] default - Connecting to database.
[2018-08-13T20:11:00.034] [INFO] default - Connected to database.
[2018-08-13T20:11:00.108] [INFO] default - Server started
[2018-08-13T20:11:01.142] [ERROR] default - null
[2018-08-13T20:11:17.926] [INFO] default - Connecting to database.
[2018-08-13T20:11:17.960] [INFO] default - Connected to database.
[2018-08-13T20:11:18.031] [INFO] default - Server started
[2018-08-13T20:11:19.084] [ERROR] default - null
[2018-08-13T20:16:13.931] [INFO] default - Connecting to database.
[2018-08-13T20:16:13.975] [INFO] default - Connected to database.
[2018-08-13T20:16:14.082] [INFO] default - Server started
[2018-08-13T20:16:15.297] [ERROR] default - null
[2018-08-13T20:18:02.431] [INFO] default - Connecting to database.
[2018-08-13T20:18:02.466] [INFO] default - Connected to database.
[2018-08-13T20:18:02.565] [INFO] default - Server started
[2018-08-13T20:18:03.840] [ERROR] default - null
[2018-08-13T20:18:54.144] [INFO] default - Connecting to database.
[2018-08-13T20:18:54.183] [INFO] default - Connected to database.
[2018-08-13T20:18:54.280] [INFO] default - Server started
[2018-08-13T20:18:55.355] [ERROR] default - null
[2018-08-13T20:20:44.063] [INFO] default - Connecting to database.
[2018-08-13T20:20:44.105] [INFO] default - Connected to database.
[2018-08-13T20:20:44.215] [INFO] default - Server started
[2018-08-13T20:20:45.277] [ERROR] default - null
[2018-08-13T20:25:02.063] [INFO] default - Connecting to database.
[2018-08-13T20:25:02.102] [INFO] default - Connected to database.
[2018-08-13T20:25:02.194] [INFO] default - Server started
[2018-08-13T20:25:03.324] [ERROR] default - null
[2018-08-13T20:28:29.282] [INFO] default - Connecting to database.
[2018-08-13T20:28:29.324] [INFO] default - Connected to database.
[2018-08-13T20:28:29.421] [INFO] default - Server started
[2018-08-13T20:28:30.637] [ERROR] default - null
[2018-08-13T20:29:18.252] [INFO] default - Connecting to database.
[2018-08-13T20:29:18.321] [INFO] default - Connected to database.
[2018-08-13T20:29:18.435] [INFO] default - Server started
[2018-08-13T20:29:19.502] [ERROR] default - null
[2018-08-13T20:29:29.754] [INFO] default - Connecting to database.
[2018-08-13T20:29:29.809] [INFO] default - Connected to database.
[2018-08-13T20:29:29.917] [INFO] default - Server started
[2018-08-13T20:29:30.989] [ERROR] default - null
[2018-08-13T20:36:50.228] [INFO] default - Connecting to database.
[2018-08-13T20:36:50.264] [INFO] default - Connected to database.
[2018-08-13T20:36:50.357] [INFO] default - Server started
[2018-08-13T20:36:51.454] [ERROR] default - null
[2018-08-13T20:37:33.408] [INFO] default - Connecting to database.
[2018-08-13T20:37:33.443] [INFO] default - Connected to database.
[2018-08-13T20:37:33.544] [INFO] default - Server started
[2018-08-13T20:37:34.599] [ERROR] default - null
[2018-08-13T20:37:56.608] [INFO] default - Connecting to database.
[2018-08-13T20:37:56.644] [INFO] default - Connected to database.
[2018-08-13T20:37:56.753] [INFO] default - Server started
[2018-08-13T20:37:57.879] [ERROR] default - null
[2018-08-13T20:38:07.731] [INFO] default - Connecting to database.
[2018-08-13T20:38:07.783] [INFO] default - Connected to database.
[2018-08-13T20:38:07.878] [INFO] default - Server started
[2018-08-13T20:38:08.987] [ERROR] default - null
[2018-08-13T20:38:58.980] [INFO] default - Connecting to database.
[2018-08-13T20:38:59.019] [INFO] default - Connected to database.
[2018-08-13T20:38:59.125] [INFO] default - Server started
[2018-08-13T20:39:00.277] [ERROR] default - null
[2018-08-13T20:39:38.676] [INFO] default - Connecting to database.
[2018-08-13T20:39:38.714] [INFO] default - Connected to database.
[2018-08-13T20:39:38.814] [INFO] default - Server started
[2018-08-13T20:39:39.858] [ERROR] default - null
[2018-08-13T20:39:50.832] [INFO] default - Connecting to database.
[2018-08-13T20:39:50.866] [INFO] default - Connected to database.
[2018-08-13T20:39:50.940] [INFO] default - Server started
[2018-08-13T20:39:52.016] [ERROR] default - null
[2018-08-13T20:40:16.287] [INFO] default - Connecting to database.
[2018-08-13T20:40:16.327] [INFO] default - Connected to database.
[2018-08-13T20:40:16.419] [INFO] default - Server started
[2018-08-13T20:40:17.475] [ERROR] default - null
[2018-08-13T20:41:33.802] [INFO] default - Connecting to database.
[2018-08-13T20:41:33.851] [INFO] default - Connected to database.
[2018-08-13T20:41:33.968] [INFO] default - Server started
[2018-08-13T20:41:35.166] [ERROR] default - null
[2018-08-13T21:00:14.951] [INFO] default - Connecting to database.
[2018-08-13T21:00:14.988] [INFO] default - Connected to database.
[2018-08-13T21:00:15.095] [INFO] default - Server started
[2018-08-13T21:00:16.154] [ERROR] default - null
[2018-08-13T21:02:41.014] [INFO] default - Connecting to database.
[2018-08-13T21:02:41.094] [INFO] default - Connected to database.
[2018-08-13T21:02:41.352] [INFO] default - Server started
[2018-08-13T21:02:42.437] [ERROR] default - null
[2018-08-13T21:04:01.921] [INFO] default - Connecting to database.
[2018-08-13T21:04:01.977] [INFO] default - Connected to database.
[2018-08-13T21:04:02.121] [INFO] default - Server started
[2018-08-13T21:04:07.689] [INFO] default - Connecting to database.
[2018-08-13T21:04:07.743] [INFO] default - Connected to database.
[2018-08-13T21:04:07.929] [INFO] default - Server started
[2018-08-13T21:04:09.036] [ERROR] default - null
[2018-08-13T21:06:31.820] [INFO] default - Connecting to database.
[2018-08-13T21:06:31.875] [INFO] default - Connected to database.
[2018-08-13T21:06:32.001] [INFO] default - Server started
[2018-08-13T21:06:36.896] [INFO] default - Connecting to database.
[2018-08-13T21:06:36.943] [INFO] default - Connected to database.
[2018-08-13T21:06:37.060] [INFO] default - Server started
[2018-08-13T21:06:38.167] [ERROR] default - null
[2018-08-13T21:16:49.407] [INFO] default - Connecting to database.
[2018-08-13T21:16:49.455] [INFO] default - Connected to database.
[2018-08-13T21:16:49.641] [INFO] default - Server started
[2018-08-13T21:16:52.883] [INFO] default - Connecting to database.
[2018-08-13T21:16:52.919] [INFO] default - Connected to database.
[2018-08-13T21:16:53.015] [INFO] default - Server started
[2018-08-13T21:16:54.109] [ERROR] default - null
[2018-08-13T21:17:23.734] [INFO] default - Connecting to database.
[2018-08-13T21:17:23.789] [INFO] default - Connected to database.
[2018-08-13T21:17:23.919] [INFO] default - Server started
[2018-08-13T21:17:25.017] [ERROR] default - null
[2018-08-13T21:17:34.892] [INFO] default - Connecting to database.
[2018-08-13T21:17:34.942] [INFO] default - Connected to database.
[2018-08-13T21:17:35.074] [INFO] default - Server started
[2018-08-13T21:17:36.202] [ERROR] default - null
[2018-08-14T00:24:14.538] [INFO] default - Connecting to database.
[2018-08-14T00:24:14.598] [INFO] default - Connected to database.
[2018-08-14T00:24:14.754] [INFO] default - Server started
[2018-08-14T00:24:15.997] [ERROR] default - null
[2018-08-14T01:35:32.248] [INFO] default - Connecting to database.
[2018-08-14T01:35:32.285] [INFO] default - Connected to database.
[2018-08-14T01:35:32.394] [INFO] default - Server started
[2018-08-14T01:35:36.867] [INFO] default - Connecting to database.
[2018-08-14T01:35:36.925] [INFO] default - Connected to database.
[2018-08-14T01:35:37.116] [INFO] default - Server started
[2018-08-14T01:35:38.207] [ERROR] default - null
[2018-08-14T12:00:23.552] [INFO] default - Connecting to database.
[2018-08-14T12:00:23.719] [INFO] default - Connected to database.
[2018-08-14T12:00:24.815] [INFO] default - Server started
[2018-08-14T12:00:30.163] [INFO] default - Connecting to database.
[2018-08-14T12:00:30.222] [INFO] default - Connected to database.
[2018-08-14T12:00:30.362] [INFO] default - Server started
[2018-08-14T12:00:31.583] [ERROR] default - null
[2018-08-17T19:21:43.884] [INFO] default - Connecting to database.
[2018-08-17T19:21:43.932] [INFO] default - Connected to database.
[2018-08-17T19:21:44.084] [INFO] default - Server started
[2018-08-17T19:21:47.340] [INFO] default - Connecting to database.
[2018-08-17T19:21:47.365] [INFO] default - Connected to database.
[2018-08-17T19:21:47.432] [INFO] default - Server started
[2018-08-17T19:21:49.469] [ERROR] default - { MongoNetworkError: failed to connect to server [localhost:27017] on first connect [MongoNetworkError: connect ECONNREFUSED 127.0.0.1:27017]
    at Pool.<anonymous> (C:\Users\gs-1377\Desktop\Javascript\es6-based-projects\shophere\shophere-backend\node_modules\mongodb-core\lib\topologies\server.js:562:11)
    at emitOne (events.js:96:13)
    at Pool.emit (events.js:188:7)
    at Connection.<anonymous> (C:\Users\gs-1377\Desktop\Javascript\es6-based-projects\shophere\shophere-backend\node_modules\mongodb-core\lib\connection\pool.js:316:12)
    at Connection.g (events.js:292:16)
    at emitTwo (events.js:106:13)
    at Connection.emit (events.js:191:7)
    at Socket.<anonymous> (C:\Users\gs-1377\Desktop\Javascript\es6-based-projects\shophere\shophere-backend\node_modules\mongodb-core\lib\connection\connection.js:245:50)
    at Socket.g (events.js:292:16)
    at emitOne (events.js:96:13)
    at Socket.emit (events.js:188:7)
    at emitErrorNT (net.js:1277:8)
    at _combinedTickCallback (internal/process/next_tick.js:80:11)
    at process._tickCallback (internal/process/next_tick.js:104:9)
  name: 'MongoNetworkError',
  message: 'failed to connect to server [localhost:27017] on first connect [MongoNetworkError: connect ECONNREFUSED 127.0.0.1:27017]',
  errorLabels: [ 'TransientTransactionError' ] }
[2018-08-17T19:31:52.271] [INFO] default - Connecting to database.
[2018-08-17T19:31:52.301] [INFO] default - Connected to database.
[2018-08-17T19:31:52.394] [INFO] default - Server started
[2018-08-17T19:31:54.415] [ERROR] default - { MongoNetworkError: failed to connect to server [localhost:27017] on first connect [MongoNetworkError: connect ECONNREFUSED 127.0.0.1:27017]
    at Pool.<anonymous> (C:\Users\gs-1377\Desktop\Javascript\es6-based-projects\shophere\shophere-backend\node_modules\mongodb-core\lib\topologies\server.js:562:11)
    at emitOne (events.js:96:13)
    at Pool.emit (events.js:188:7)
    at Connection.<anonymous> (C:\Users\gs-1377\Desktop\Javascript\es6-based-projects\shophere\shophere-backend\node_modules\mongodb-core\lib\connection\pool.js:316:12)
    at Connection.g (events.js:292:16)
    at emitTwo (events.js:106:13)
    at Connection.emit (events.js:191:7)
    at Socket.<anonymous> (C:\Users\gs-1377\Desktop\Javascript\es6-based-projects\shophere\shophere-backend\node_modules\mongodb-core\lib\connection\connection.js:245:50)
    at Socket.g (events.js:292:16)
    at emitOne (events.js:96:13)
    at Socket.emit (events.js:188:7)
    at emitErrorNT (net.js:1277:8)
    at _combinedTickCallback (internal/process/next_tick.js:80:11)
    at process._tickCallback (internal/process/next_tick.js:104:9)
  name: 'MongoNetworkError',
  message: 'failed to connect to server [localhost:27017] on first connect [MongoNetworkError: connect ECONNREFUSED 127.0.0.1:27017]',
  errorLabels: [ 'TransientTransactionError' ] }
[2018-08-17T19:45:35.618] [INFO] default - Connecting to database.
[2018-08-17T19:45:35.648] [INFO] default - Connected to database.
[2018-08-17T19:45:35.770] [INFO] default - Server started
[2018-08-17T19:45:36.925] [ERROR] default - null
[2018-08-17T19:45:40.327] [INFO] default - Connecting to database.
[2018-08-17T19:45:40.347] [INFO] default - Connected to database.
[2018-08-17T19:45:40.399] [INFO] default - Server started
[2018-08-17T19:45:41.317] [ERROR] default - null
[2018-08-17T19:46:49.152] [INFO] default - Connecting to database.
[2018-08-17T19:46:49.180] [INFO] default - Connected to database.
[2018-08-17T19:46:49.247] [INFO] default - Server started
[2018-08-17T19:46:50.460] [ERROR] default - null
[2018-08-17T19:49:49.676] [INFO] default - Connecting to database.
[2018-08-17T19:49:49.704] [INFO] default - Connected to database.
[2018-08-17T19:49:49.811] [INFO] default - Server started
[2018-08-17T19:49:50.781] [ERROR] default - null
[2018-08-17T20:36:31.980] [INFO] default - Connecting to database.
[2018-08-17T20:36:32.015] [INFO] default - Connected to database.
[2018-08-17T20:36:32.322] [INFO] default - Server started
[2018-08-17T20:36:35.174] [INFO] default - Connecting to database.
[2018-08-17T20:36:35.199] [INFO] default - Connected to database.
[2018-08-17T20:36:35.271] [INFO] default - Server started
[2018-08-17T20:36:36.583] [ERROR] default - null
[2018-08-17T21:35:32.304] [INFO] default - Connecting to database.
[2018-08-17T21:35:32.339] [INFO] default - Connected to database.
[2018-08-17T21:35:32.432] [INFO] default - Server started
[2018-08-17T21:35:39.774] [ERROR] default - null
[2018-08-17T23:10:54.449] [INFO] default - Connecting to database.
[2018-08-17T23:10:54.479] [INFO] default - Connected to database.
[2018-08-17T23:10:54.783] [INFO] default - Server started
[2018-08-17T23:10:57.304] [INFO] default - Connecting to database.
[2018-08-17T23:10:57.324] [INFO] default - Connected to database.
[2018-08-17T23:10:57.404] [INFO] default - Server started
[2018-08-17T23:10:58.204] [ERROR] default - null
[2018-08-18T00:07:12.014] [INFO] default - Connecting to database.
[2018-08-18T00:07:12.050] [INFO] default - Connected to database.
[2018-08-18T00:07:12.170] [INFO] default - Server started
[2018-08-18T00:07:12.955] [ERROR] default - null
[2018-08-18T00:07:18.861] [INFO] default - Connecting to database.
[2018-08-18T00:07:18.898] [INFO] default - Connected to database.
[2018-08-18T00:07:19.031] [INFO] default - Server started
[2018-08-18T00:07:19.831] [ERROR] default - null
[2018-08-18T00:09:14.729] [INFO] default - Connecting to database.
[2018-08-18T00:09:14.801] [INFO] default - Connected to database.
[2018-08-18T00:09:14.891] [INFO] default - Server started
[2018-08-18T00:09:15.682] [ERROR] default - null
[2018-08-18T00:10:44.430] [INFO] default - Connecting to database.
[2018-08-18T00:10:44.465] [INFO] default - Connected to database.
[2018-08-18T00:10:44.565] [INFO] default - Server started
[2018-08-18T00:10:45.423] [ERROR] default - null
[2018-08-18T00:11:03.214] [INFO] default - Connecting to database.
[2018-08-18T00:11:03.248] [INFO] default - Connected to database.
[2018-08-18T00:11:03.481] [INFO] default - Server started
[2018-08-18T00:11:06.766] [INFO] default - Connecting to database.
[2018-08-18T00:11:06.795] [INFO] default - Connected to database.
[2018-08-18T00:11:06.867] [INFO] default - Server started
[2018-08-18T00:11:07.627] [ERROR] default - null
[2018-08-18T00:11:33.557] [INFO] default - Connecting to database.
[2018-08-18T00:11:33.592] [INFO] default - Connected to database.
[2018-08-18T00:11:33.682] [INFO] default - Server started
[2018-08-18T00:11:34.452] [ERROR] default - null
[2018-08-18T00:11:55.199] [INFO] default - Connecting to database.
[2018-08-18T00:11:55.233] [INFO] default - Connected to database.
[2018-08-18T00:11:55.320] [INFO] default - Server started
[2018-08-18T00:11:56.126] [ERROR] default - null
[2018-08-18T00:14:15.830] [INFO] default - Connecting to database.
[2018-08-18T00:14:15.861] [INFO] default - Connected to database.
[2018-08-18T00:14:15.945] [INFO] default - Server started
[2018-08-18T00:14:16.709] [ERROR] default - null
[2018-08-18T00:16:01.745] [INFO] default - Connecting to database.
[2018-08-18T00:16:01.774] [INFO] default - Connected to database.
[2018-08-18T00:16:01.848] [INFO] default - Server started
[2018-08-18T00:16:02.646] [ERROR] default - null
[2018-08-18T00:16:33.544] [INFO] default - Connecting to database.
[2018-08-18T00:16:33.572] [INFO] default - Connected to database.
[2018-08-18T00:16:33.653] [INFO] default - Server started
[2018-08-18T00:16:34.938] [ERROR] default - null
[2018-08-18T00:18:04.220] [INFO] default - Connecting to database.
[2018-08-18T00:18:04.256] [INFO] default - Connected to database.
[2018-08-18T00:18:04.366] [INFO] default - Server started
[2018-08-18T00:18:05.346] [ERROR] default - null
[2018-08-18T00:19:21.912] [INFO] default - Connecting to database.
[2018-08-18T00:19:21.947] [INFO] default - Connected to database.
[2018-08-18T00:19:22.036] [INFO] default - Server started
[2018-08-18T00:19:22.857] [ERROR] default - null
[2018-08-18T00:23:07.395] [INFO] default - Connecting to database.
[2018-08-18T00:23:07.435] [INFO] default - Connected to database.
[2018-08-18T00:23:07.505] [INFO] default - Server started
[2018-08-18T00:23:08.376] [ERROR] default - null
[2018-08-18T00:23:42.607] [INFO] default - Connecting to database.
[2018-08-18T00:23:42.643] [INFO] default - Connected to database.
[2018-08-18T00:23:42.727] [INFO] default - Server started
[2018-08-18T00:23:43.512] [ERROR] default - null
[2018-08-18T00:26:44.243] [INFO] default - Connecting to database.
[2018-08-18T00:26:44.283] [INFO] default - Connected to database.
[2018-08-18T00:26:44.362] [INFO] default - Server started
[2018-08-18T00:26:45.192] [ERROR] default - null
[2018-08-18T00:27:48.015] [INFO] default - Connecting to database.
[2018-08-18T00:27:48.039] [INFO] default - Connected to database.
[2018-08-18T00:27:48.101] [INFO] default - Server started
[2018-08-18T00:27:48.856] [ERROR] default - null
[2018-08-18T00:32:09.927] [INFO] default - Connecting to database.
[2018-08-18T00:32:09.959] [INFO] default - Connected to database.
[2018-08-18T00:32:10.036] [INFO] default - Server started
[2018-08-18T00:32:10.830] [ERROR] default - null
[2018-08-18T00:32:55.975] [INFO] default - Connecting to database.
[2018-08-18T00:32:56.011] [INFO] default - Connected to database.
[2018-08-18T00:32:56.105] [INFO] default - Server started
[2018-08-18T00:32:56.971] [ERROR] default - null
[2018-08-18T00:33:20.039] [INFO] default - Connecting to database.
[2018-08-18T00:33:20.068] [INFO] default - Connected to database.
[2018-08-18T00:33:20.140] [INFO] default - Server started
[2018-08-18T00:33:20.950] [ERROR] default - null
[2018-08-18T00:34:43.771] [INFO] default - Connecting to database.
[2018-08-18T00:34:43.809] [INFO] default - Connected to database.
[2018-08-18T00:34:43.919] [INFO] default - Server started
[2018-08-18T00:34:45.651] [ERROR] default - null
[2018-08-18T00:35:10.112] [INFO] default - Connecting to database.
[2018-08-18T00:35:10.145] [INFO] default - Connected to database.
[2018-08-18T00:35:10.219] [INFO] default - Server started
[2018-08-18T00:35:11.077] [ERROR] default - null
[2018-08-18T00:41:55.759] [INFO] default - Connecting to database.
[2018-08-18T00:41:55.779] [INFO] default - Connected to database.
[2018-08-18T00:41:55.849] [INFO] default - Server started
[2018-08-18T00:41:56.669] [ERROR] default - null
[2018-08-18T00:49:29.425] [INFO] default - Connecting to database.
[2018-08-18T00:49:29.468] [INFO] default - Connected to database.
[2018-08-18T00:49:29.567] [INFO] default - Server started
[2018-08-18T00:49:30.355] [ERROR] default - null
[2018-08-18T00:50:00.728] [INFO] default - Connecting to database.
[2018-08-18T00:50:00.768] [INFO] default - Connected to database.
[2018-08-18T00:50:00.833] [INFO] default - Server started
[2018-08-18T00:50:01.644] [ERROR] default - null
[2018-08-18T01:03:51.839] [INFO] default - Connecting to database.
[2018-08-18T01:03:51.879] [INFO] default - Connected to database.
[2018-08-18T01:03:51.969] [INFO] default - Server started
[2018-08-18T01:03:52.731] [ERROR] default - null
[2018-08-18T01:05:36.766] [INFO] default - Connecting to database.
[2018-08-18T01:05:36.796] [INFO] default - Connected to database.
[2018-08-18T01:05:36.872] [INFO] default - Server started
[2018-08-18T01:05:37.737] [ERROR] default - null
[2018-08-18T01:08:38.342] [INFO] default - Connecting to database.
[2018-08-18T01:08:38.372] [INFO] default - Connected to database.
[2018-08-18T01:08:38.442] [INFO] default - Server started
[2018-08-18T01:08:39.385] [ERROR] default - null
[2018-08-18T01:09:33.626] [INFO] default - Connecting to database.
[2018-08-18T01:09:33.656] [INFO] default - Connected to database.
[2018-08-18T01:09:33.723] [INFO] default - Server started
[2018-08-18T01:09:34.575] [ERROR] default - null
[2018-08-18T01:09:55.903] [INFO] default - Connecting to database.
[2018-08-18T01:09:55.932] [INFO] default - Connected to database.
[2018-08-18T01:09:56.021] [INFO] default - Server started
[2018-08-18T01:09:56.846] [ERROR] default - null
[2018-08-18T01:10:36.767] [INFO] default - Connecting to database.
[2018-08-18T01:10:36.797] [INFO] default - Connected to database.
[2018-08-18T01:10:36.877] [INFO] default - Server started
[2018-08-18T01:10:37.737] [ERROR] default - null
[2018-08-18T01:11:56.036] [INFO] default - Connecting to database.
[2018-08-18T01:11:56.067] [INFO] default - Connected to database.
[2018-08-18T01:11:56.173] [INFO] default - Server started
[2018-08-18T01:11:58.895] [INFO] default - Connecting to database.
[2018-08-18T01:11:58.919] [INFO] default - Connected to database.
[2018-08-18T01:11:58.986] [INFO] default - Server started
[2018-08-18T01:11:59.841] [ERROR] default - null
[2018-08-18T01:13:04.445] [INFO] default - Connecting to database.
[2018-08-18T01:13:04.479] [INFO] default - Connected to database.
[2018-08-18T01:13:04.563] [INFO] default - Server started
[2018-08-18T01:13:05.429] [ERROR] default - null
